SCANNING: 803000000 (us-bcast:69)
LOCK: none (ss=0 snq=0 seq=0)
SCANNING: 797000000 (us-bcast:68)
LOCK: none (ss=0 snq=0 seq=0)
SCANNING: 791000000 (us-bcast:67)
LOCK: none (ss=0 snq=0 seq=0)
SCANNING: 785000000 (us-bcast:66)
LOCK: none (ss=0 snq=0 seq=0)
SCANNING: 779000000 (us-bcast:65)
LOCK: none (ss=0 snq=0 seq=0)
SCANNING: 773000000 (us-bcast:64)
LOCK: none (ss=0 snq=0 seq=0)
SCANNING: 767000000 (us-bcast:63)
LOCK: none (ss=0 snq=0 seq=0)
SCANNING: 761000000 (us-bcast:62)
LOCK: none (ss=0 snq=0 seq=0)
SCANNING: 755000000 (us-bcast:61)
LOCK: none (ss=0 snq=0 seq=0)
SCANNING: 749000000 (us-bcast:60)
LOCK: none (ss=0 snq=0 seq=0)
SCANNING: 743000000 (us-bcast:59)
LOCK: none (ss=79 snq=0 seq=0)
SCANNING: 737000000 (us-bcast:58)
LOCK: none (ss=81 snq=0 seq=0)
SCANNING: 731000000 (us-bcast:57)
LOCK: none (ss=0 snq=0 seq=0)
SCANNING: 725000000 (us-bcast:56)
LOCK: none (ss=0 snq=0 seq=0)
SCANNING: 719000000 (us-bcast:55)
LOCK: none (ss=0 snq=0 seq=0)
SCANNING: 713000000 (us-bcast:54)
LOCK: none (ss=0 snq=0 seq=0)
SCANNING: 707000000 (us-bcast:53)
LOCK: none (ss=0 snq=0 seq=0)
SCANNING: 701000000 (us-bcast:52)
LOCK: none (ss=0 snq=0 seq=0)
SCANNING: 695000000 (us-bcast:51)
LOCK: 8vsb (ss=89 snq=85 seq=100)
TSID: 0x0459
PROGRAM 3: 50.1 WPWR-TV
PROGRAM 4: 50.2 Movies!
PROGRAM 5: 50.3 MundoFX
SCANNING: 689000000 (us-bcast:50)
LOCK: 8vsb (ss=65 snq=46 seq=100)
TSID: 0x0459
PROGRAM 1: 60.1 WXFT-HD
PROGRAM 2: 60.2 WXFT-SD
PROGRAM 3: 60.3 ESCAPE
PROGRAM 4: 0 (no data)
PROGRAM 5: 0 (no data)
SCANNING: 683000000 (us-bcast:49)
LOCK: 8vsb (ss=54 snq=41 seq=100)
TSID: 0x03DB
PROGRAM 1: 0 (no data)
PROGRAM 2: 0 (no data)
PROGRAM 3: 0 (no data)
SCANNING: 677000000 (us-bcast:48)
LOCK: none (ss=0 snq=0 seq=0)
SCANNING: 671000000 (us-bcast:47)
LOCK: 8vsb (ss=82 snq=81 seq=100)
TSID: 0x03EF
PROGRAM 3: 11.1 WTTW-HD
PROGRAM 4: 11.2 WTTW-PR
PROGRAM 5: 11.3 WTTW-CR
PROGRAM 6: 11.4 WTTW-VM
PROGRAM 7: 0 (no data)
PROGRAM 8: 0 (no data)
SCANNING: 665000000 (us-bcast:46)
LOCK: none (ss=0 snq=0 seq=0)
SCANNING: 659000000 (us-bcast:45)
LOCK: 8vsb (ss=87 snq=78 seq=100)
TSID: 0x03F9
PROGRAM 3: 44.1 WSNS HD
PROGRAM 4: 44.2 Exitos
SCANNING: 653000000 (us-bcast:44)
LOCK: 8vsb (ss=93 snq=81 seq=100)
TSID: 0x03EB
PROGRAM 1: 7.1 WLS-HD
PROGRAM 2: 7.2 LivWell
PROGRAM 3: 7.3 LivWell
SCANNING: 647000000 (us-bcast:43)
LOCK: 8vsb (ss=89 snq=76 seq=100)
TSID: 0x03F7
PROGRAM 3: 38.1 ION
PROGRAM 4: 38.2 qubo
PROGRAM 5: 38.3 IONLife
PROGRAM 6: 38.4 Shop
PROGRAM 7: 38.5 QVC
PROGRAM 8: 38.6 HSN
SCANNING: 641000000 (us-bcast:42)
LOCK: none (ss=0 snq=0 seq=0)
SCANNING: 635000000 (us-bcast:41)
LOCK: none (ss=0 snq=0 seq=0)
SCANNING: 629000000 (us-bcast:40)
LOCK: none (ss=0 snq=0 seq=0)
SCANNING: 623000000 (us-bcast:39)
LOCK: 8vsb (ss=81 snq=69 seq=100)
TSID: 0x0D9B
PROGRAM 3: 23.1 MeTV
PROGRAM 4: 23.2 H&I
PROGRAM 5: 23.3 23.3
SCANNING: 617000000 (us-bcast:38)
LOCK: 8vsb (ss=90 snq=78 seq=100)
TSID: 0x0407
PROGRAM 1: 66.1 WGBODT
PROGRAM 2: 66.2 GetTV
PROGRAM 3: 66.3 GRIT TV
SCANNING: 611000000 (us-bcast:37)
LOCK: none (ss=0 snq=0 seq=0)
SCANNING: 605000000 (us-bcast:36)
LOCK: 8vsb (ss=77 snq=65 seq=100)
TSID: 0x045D
PROGRAM 1: 62.1 WJYS
PROGRAM 2: 62.2 MCTV
PROGRAM 3: 62.3 PRISM
PROGRAM 4: 62.4 PRISM2
SCANNING: 599000000 (us-bcast:35)
LOCK: none (ss=0 snq=0 seq=0)
SCANNING: 593000000 (us-bcast:34)
LOCK: 8vsb (ss=66 snq=42 seq=100)
SCANNING: 587000000 (us-bcast:33)
LOCK: 8vsb (ss=47 snq=41 seq=0)
SCANNING: 581000000 (us-bcast:32)
LOCK: 8vsb (ss=80 snq=51 seq=100)
TSID: 0x0E66
PROGRAM 3: 0
PROGRAM 4: 0 (no data)
SCANNING: 575000000 (us-bcast:31)
LOCK: 8vsb (ss=100 snq=98 seq=100)
TSID: 0x03F5
PROGRAM 3: 32.1 WFLD
SCANNING: 569000000 (us-bcast:30)
LOCK: 8vsb (ss=68 snq=42 seq=100)
SCANNING: 563000000 (us-bcast:29)
LOCK: 8vsb (ss=96 snq=78 seq=100)
TSID: 0x03E9
PROGRAM 5: 5.1 NBC5
PROGRAM 6: 5.2 COZI
SCANNING: 557000000 (us-bcast:28)
LOCK: none (ss=51 snq=0 seq=0)
SCANNING: 551000000 (us-bcast:27)
LOCK: 8vsb (ss=95 snq=70 seq=100)
TSID: 0x03F3
PROGRAM 3: 26.1 WCIU-HD
PROGRAM 4: 26.2 UToo
PROGRAM 5: 26.3 MeTV
PROGRAM 6: 26.4 MeToo
PROGRAM 7: 26.5 Bounce
SCANNING: 545000000 (us-bcast:26)
LOCK: 8vsb (ss=68 snq=41 seq=100)
SCANNING: 539000000 (us-bcast:25)
LOCK: none (ss=56 snq=0 seq=0)
SCANNING: 533000000 (us-bcast:24)
LOCK: 8vsb (ss=62 snq=41 seq=0)
SCANNING: 527000000 (us-bcast:23)
LOCK: none (ss=82 snq=0 seq=0)
SCANNING: 521000000 (us-bcast:22)
LOCK: none (ss=56 snq=0 seq=0)
SCANNING: 515000000 (us-bcast:21)
LOCK: none (ss=68 snq=0 seq=0)
SCANNING: 509000000 (us-bcast:20)
LOCK: 8vsb (ss=75 snq=42 seq=100)
SCANNING: 503000000 (us-bcast:19)
LOCK: 8vsb (ss=100 snq=90 seq=100)
TSID: 0x03ED
PROGRAM 3: 9.1 WGN CW
PROGRAM 4: 9.2 Antenna
PROGRAM 5: 9.3 This TV
SCANNING: 497000000 (us-bcast:18)
LOCK: none (ss=50 snq=0 seq=0)
SCANNING: 491000000 (us-bcast:17)
LOCK: none (ss=51 snq=0 seq=0)
SCANNING: 485000000 (us-bcast:16)
LOCK: none (ss=52 snq=0 seq=0)
SCANNING: 479000000 (us-bcast:15)
LOCK: none (ss=59 snq=0 seq=0)
SCANNING: 473000000 (us-bcast:14)
LOCK: none (ss=66 snq=0 seq=0)
SCANNING: 213000000 (us-bcast:13)
LOCK: none (ss=55 snq=0 seq=0)
SCANNING: 207000000 (us-bcast:12)
LOCK: 8vsb (ss=100 snq=85 seq=100)
TSID: 0x03E7
PROGRAM 1: 2.1 WBBM-DT
SCANNING: 201000000 (us-bcast:11)
LOCK: none (ss=54 snq=0 seq=0)
SCANNING: 195000000 (us-bcast:10)
LOCK: none (ss=56 snq=0 seq=0)
SCANNING: 189000000 (us-bcast:9)
LOCK: none (ss=57 snq=0 seq=0)
SCANNING: 183000000 (us-bcast:8)
LOCK: none (ss=57 snq=0 seq=0)
SCANNING: 177000000 (us-bcast:7)
LOCK: none (ss=60 snq=0 seq=0)
SCANNING: 85000000 (us-bcast:6)
LOCK: none (ss=100 snq=0 seq=0)
SCANNING: 79000000 (us-bcast:5)
LOCK: none (ss=82 snq=0 seq=0)
SCANNING: 69000000 (us-bcast:4)
LOCK: 8vsb (ss=100 snq=42 seq=100)
SCANNING: 63000000 (us-bcast:3)
LOCK: none (ss=82 snq=0 seq=0)
SCANNING: 57000000 (us-bcast:2)
LOCK: none (ss=84 snq=0 seq=0)
